#
# There is insufficient memory for the Java Runtime Environment to continue.
# Native memory allocation (mmap) failed to map 130023424 bytes. Error detail: G1 virtual space
# Possible reasons:
#   The system is out of physical RAM or swap space
#   This process is running with CompressedOops enabled, and the Java Heap may be blocking the growth of the native heap
# Possible solutions:
#   Reduce memory load on the system
#   Increase physical memory or swap space
#   Check if swap backing store is full
#   Decrease Java heap size (-Xmx/-Xms)
#   Decrease number of Java threads
#   Decrease Java thread stack sizes (-Xss)
#   Set larger code cache with -XX:ReservedCodeCacheSize=
#   JVM is running with Unscaled Compressed Oops mode in which the Java heap is
#     placed in the first 4GB address space. The Java Heap base address is the
#     maximum limit for the native heap growth. Please use -XX:HeapBaseMinAddress
#     to set the Java Heap base and to place the Java Heap above 4GB virtual address.
# This output file may be truncated or incomplete.
#
#  Out of Memory Error (os_windows.cpp:3690), pid=18964, tid=12456
#
# JRE version:  (17.0.17+10) (build )
# Java VM: OpenJDK 64-Bit Server VM (17.0.17+10-LTS, mixed mode, sharing, tiered, compressed oops, compressed class ptrs, g1 gc, windows-amd64)
# No core dump will be written. Minidumps are not enabled by default on client versions of Windows
#

---------------  S U M M A R Y ------------

Command Line: -ea -Didea.test.cyclic.buffer.size=1048576 -javaagent:C:\Program Files\JetBrains\IntelliJ IDEA 2024.3\lib\idea_rt.jar=57552:C:\Program Files\JetBrains\IntelliJ IDEA 2024.3\bin -javaagent:C:\Users\ivane\AppData\Local\JetBrains\IntelliJIdea2024.3\captureAgent\debugger-agent.jar -Dkotlinx.coroutines.debug.enable.creation.stack.trace=false -Ddebugger.agent.enable.coroutines=true -Dkotlinx.coroutines.debug.enable.flows.stack.trace=true -Dkotlinx.coroutines.debug.enable.mutable.state.flows.stack.trace=true -Dfile.encoding=UTF-8 com.intellij.rt.junit.JUnitStarter -ideVersion5 -junit5 com.example.taskmanager.unit.UserServiceTest

Host: 11th Gen Intel(R) Core(TM) i3-1125G4 @ 2.00GHz, 8 cores, 7G,  Windows 11 , 64 bit Build 26100 (10.0.26100.7705)
Time: Mon Mar  9 10:57:01 2026 Afr. centrale Ouest elapsed time: 0.017610 seconds (0d 0h 0m 0s)

---------------  T H R E A D  ---------------

Current thread (0x0000021bce3a8030):  JavaThread "Unknown thread" [_thread_in_vm, id=12456, stack(0x0000003dae100000,0x0000003dae200000)]

Stack: [0x0000003dae100000,0x0000003dae200000]
Native frames: (J=compiled Java code, j=interpreted, Vv=VM code, C=native code)
V  [jvm.dll+0x68c459]  (no source info available)
V  [jvm.dll+0x845e09]  (no source info available)
V  [jvm.dll+0x847b78]  (no source info available)
V  [jvm.dll+0x848203]  (no source info available)
V  [jvm.dll+0x24cf6f]  (no source info available)
V  [jvm.dll+0x68b859]  (no source info available)
V  [jvm.dll+0x67fe1a]  (no source info available)
V  [jvm.dll+0x3100f0]  (no source info available)
V  [jvm.dll+0x30ff92]  (no source info available)
V  [jvm.dll+0x3174e9]  (no source info available)
V  [jvm.dll+0x3697c9]  (no source info available)
V  [jvm.dll+0x3699fd]  (no source info available)
V  [jvm.dll+0x2e68fa]  (no source info available)
V  [jvm.dll+0x2e7808]  (no source info available)
V  [jvm.dll+0x8182be]  (no source info available)
V  [jvm.dll+0x377431]  (no source info available)
V  [jvm.dll+0x7f6905]  (no source info available)
V  [jvm.dll+0x3fd2ab]  (no source info available)
V  [jvm.dll+0x3feee1]  (no source info available)
C  [jli.dll+0x52f0]  (no source info available)
C  [ucrtbase.dll+0x37b0]  (no source info available)
C  [KERNEL32.DLL+0x2e8d7]  (no source info available)
C  [ntdll.dll+0x8c40c]  (no source info available)


---------------  P R O C E S S  ---------------

Threads class SMR info:
_java_thread_list=0x00007ffdcc4e7018, length=0, elements={
}

Java Threads: ( => current thread )

Other Threads:
  0x0000021bce4017a0 GCTaskThread "GC Thread#0" [stack: 0x0000003dae200000,0x0000003dae300000] [id=22052]
  0x0000021bce411c70 ConcurrentGCThread "G1 Main Marker" [stack: 0x0000003dae300000,0x0000003dae400000] [id=16544]
  0x0000021bce4125a0 ConcurrentGCThread "G1 Conc#0" [stack: 0x0000003dae400000,0x0000003dae500000] [id=18796]

[error occurred during error reporting (printing all threads), id 0xc0000005, EXCEPTION_ACCESS_VIOLATION (0xc0000005) at pc=0x00007ffdcbc97437]

VM state: not at safepoint (not fully initialized)

VM Mutex/Monitor currently owned by a thread:  ([mutex/lock_event])
[0x0000021bce3a32f0] Heap_lock - owner thread: 0x0000021bce3a8030

Heap address: 0x0000000085800000, size: 1960 MB, Compressed Oops mode: 32-bit

CDS archive(s) mapped at: [0x0000000000000000-0x0000000000000000-0x0000000000000000), size 0, SharedBaseAddress: 0x0000000800000000, ArchiveRelocationMode: 1.
Narrow klass base: 0x0000000000000000, Narrow klass shift: 0, Narrow klass range: 0x0

GC Precious Log:
<Empty>

Heap:
 garbage-first heap   total 0K, used 0K [0x0000000085800000, 0x0000000100000000)
  region size 1024K, 0 young (0K), 0 survivors (0K)

[error occurred during error reporting (printing heap information), id 0xc0000005, EXCEPTION_ACCESS_VIOLATION (0xc0000005) at pc=0x00007ffdcc088509]

GC Heap History (0 events):
No events

Dll operation events (2 events):
Event: 0.010 Loaded shared library C:\Users\ivane\.jdks\ms-17.0.17\bin\java.dll
Event: 0.012 Loaded shared library C:\Users\ivane\.jdks\ms-17.0.17\bin\zip.dll

Deoptimization events (0 events):
No events

Classes loaded (0 events):
No events

Classes unloaded (0 events):
No events

Classes redefined (0 events):
No events

Internal exceptions (0 events):
No events

VM Operations (0 events):
No events

Memory protections (0 events):
No events

Nmethod flushes (0 events):
No events

Events (0 events):
No events


Dynamic libraries:
0x00007ff6592d0000 - 0x00007ff6592de000 	C:\Users\ivane\.jdks\ms-17.0.17\bin\java.exe
0x00007ffe410a0000 - 0x00007ffe41308000 	C:\WINDOWS\SYSTEM32\ntdll.dll
0x00007ffe3ee40000 - 0x00007ffe3ef09000 	C:\WINDOWS\System32\KERNEL32.DLL
0x00007ffe3e6c0000 - 0x00007ffe3eab1000 	C:\WINDOWS\System32\KERNELBASE.dll
0x00007ffe3eac0000 - 0x00007ffe3ec0b000 	C:\WINDOWS\System32\ucrtbase.dll
0x00007ffe26dd0000 - 0x00007ffe26de8000 	C:\Users\ivane\.jdks\ms-17.0.17\bin\jli.dll
0x00007ffe22110000 - 0x00007ffe2212e000 	C:\Users\ivane\.jdks\ms-17.0.17\bin\VCRUNTIME140.dll
0x00007ffe40e40000 - 0x00007ffe41006000 	C:\WINDOWS\System32\USER32.dll
0x00007ffe3ec10000 - 0x00007ffe3ec37000 	C:\WINDOWS\System32\win32u.dll
0x00007ffe165c0000 - 0x00007ffe16853000 	C:\WINDOWS\WinSxS\amd64_microsoft.windows.common-controls_6595b64144ccf1df_6.0.26100.7824_none_3e0870b2e3345462\COMCTL32.dll
0x00007ffe40280000 - 0x00007ffe40329000 	C:\WINDOWS\System32\msvcrt.dll
0x00007ffe3fc10000 - 0x00007ffe3fc3b000 	C:\WINDOWS\System32\GDI32.dll
0x00007ffe3dba0000 - 0x00007ffe3dccb000 	C:\WINDOWS\System32\gdi32full.dll
0x00007ffe3daf0000 - 0x00007ffe3db93000 	C:\WINDOWS\System32\msvcp_win.dll
0x00007ffe41020000 - 0x00007ffe41051000 	C:\WINDOWS\System32\IMM32.DLL
0x00007ffe22100000 - 0x00007ffe2210c000 	C:\Users\ivane\.jdks\ms-17.0.17\bin\vcruntime140_1.dll
0x00007ffe1cfc0000 - 0x00007ffe1d049000 	C:\Users\ivane\.jdks\ms-17.0.17\bin\msvcp140.dll
0x00007ffdcb9a0000 - 0x00007ffdcc61a000 	C:\Users\ivane\.jdks\ms-17.0.17\bin\server\jvm.dll
0x00007ffe40380000 - 0x00007ffe40434000 	C:\WINDOWS\System32\ADVAPI32.dll
0x00007ffe400c0000 - 0x00007ffe40166000 	C:\WINDOWS\System32\sechost.dll
0x00007ffe40d20000 - 0x00007ffe40e38000 	C:\WINDOWS\System32\RPCRT4.dll
0x00007ffe3fe80000 - 0x00007ffe3fef4000 	C:\WINDOWS\System32\WS2_32.dll
0x00007ffe33cb0000 - 0x00007ffe33cbb000 	C:\WINDOWS\SYSTEM32\VERSION.dll
0x00007ffe3d7e0000 - 0x00007ffe3d83e000 	C:\WINDOWS\SYSTEM32\POWRPROF.dll
0x00007ffe34170000 - 0x00007ffe341a5000 	C:\WINDOWS\SYSTEM32\WINMM.dll
0x00007ffe3d7c0000 - 0x00007ffe3d7d4000 	C:\WINDOWS\SYSTEM32\UMPDC.dll
0x00007ffe3c720000 - 0x00007ffe3c73b000 	C:\WINDOWS\SYSTEM32\kernel.appcore.dll
0x00007ffe220f0000 - 0x00007ffe220fa000 	C:\Users\ivane\.jdks\ms-17.0.17\bin\jimage.dll
0x000000005da10000 - 0x000000005dba6000 	C:\Program Files\Microsoft SQL Server\130\Shared\DBGHELP.DLL
0x00007ffe20230000 - 0x00007ffe2023f000 	C:\Users\ivane\.jdks\ms-17.0.17\bin\instrument.dll
0x00007ffe220c0000 - 0x00007ffe220e6000 	C:\Users\ivane\.jdks\ms-17.0.17\bin\java.dll
0x00007ffe1dc70000 - 0x00007ffe1dc88000 	C:\Users\ivane\.jdks\ms-17.0.17\bin\zip.dll

dbghelp: loaded successfully - version: 4.0.5 - missing functions: none
symbol engine: initialized successfully - sym options: 0x614 - pdb path: .;C:\Users\ivane\.jdks\ms-17.0.17\bin;C:\WINDOWS\SYSTEM32;C:\WINDOWS\WinSxS\amd64_microsoft.windows.common-controls_6595b64144ccf1df_6.0.26100.7824_none_3e0870b2e3345462;C:\Users\ivane\.jdks\ms-17.0.17\bin\server;C:\Program Files\Microsoft SQL Server\130\Shared

VM Arguments:
jvm_args: -ea -Didea.test.cyclic.buffer.size=1048576 -javaagent:C:\Program Files\JetBrains\IntelliJ IDEA 2024.3\lib\idea_rt.jar=57552:C:\Program Files\JetBrains\IntelliJ IDEA 2024.3\bin -javaagent:C:\Users\ivane\AppData\Local\JetBrains\IntelliJIdea2024.3\captureAgent\debugger-agent.jar -Dkotlinx.coroutines.debug.enable.creation.stack.trace=false -Ddebugger.agent.enable.coroutines=true -Dkotlinx.coroutines.debug.enable.flows.stack.trace=true -Dkotlinx.coroutines.debug.enable.mutable.state.flows.stack.trace=true -Dfile.encoding=UTF-8 
java_command: com.intellij.rt.junit.JUnitStarter -ideVersion5 -junit5 com.example.taskmanager.unit.UserServiceTest
java_class_path (initial): C:\Users\ivane\.m2\repository\org\junit\platform\junit-platform-launcher\1.10.3\junit-platform-launcher-1.10.3.jar;C:\Program Files\JetBrains\IntelliJ IDEA 2024.3\lib\idea_rt.jar;C:\Program Files\JetBrains\IntelliJ IDEA 2024.3\plugins\junit\lib\junit5-rt.jar;C:\Program Files\JetBrains\IntelliJ IDEA 2024.3\plugins\junit\lib\junit-rt.jar;C:\Users\ivane\IdeaProjects\taskmanager\target\test-classes;C:\Users\ivane\IdeaProjects\taskmanager\target\classes;C:\Users\ivane\.m2\repository\org\springframework\boot\spring-boot-starter-web\3.3.2\spring-boot-starter-web-3.3.2.jar;C:\Users\ivane\.m2\repository\org\springframework\boot\spring-boot-starter\3.3.2\spring-boot-starter-3.3.2.jar;C:\Users\ivane\.m2\repository\org\springframework\boot\spring-boot\3.3.2\spring-boot-3.3.2.jar;C:\Users\ivane\.m2\repository\org\springframework\boot\spring-boot-autoconfigure\3.3.2\spring-boot-autoconfigure-3.3.2.jar;C:\Users\ivane\.m2\repository\org\springframework\boot\spring-boot-starter-logging\3.3.2\spring-boot-starter-logging-3.3.2.jar;C:\Users\ivane\.m2\repository\ch\qos\logback\logback-classic\1.5.6\logback-classic-1.5.6.jar;C:\Users\ivane\.m2\repository\ch\qos\logback\logback-core\1.5.6\logback-core-1.5.6.jar;C:\Users\ivane\.m2\repository\org\apache\logging\log4j\log4j-to-slf4j\2.23.1\log4j-to-slf4j-2.23.1.jar;C:\Users\ivane\.m2\repository\org\apache\logging\log4j\log4j-api\2.23.1\log4j-api-2.23.1.jar;C:\Users\ivane\.m2\repository\org\slf4j\jul-to-slf4j\2.0.13\jul-to-slf4j-2.0.13.jar;C:\Users\ivane\.m2\repository\jakarta\annotation\jakarta.annotation-api\2.1.1\jakarta.annotation-api-2.1.1.jar;C:\Users\ivane\.m2\repository\org\yaml\snakeyaml\2.2\snakeyaml-2.2.jar;C:\Users\ivane\.m2\repository\org\springframework\boot\spring-boot-starter-json\3.3.2\spring-boot-starter-json-3.3.2.jar;C:\Users\ivane\.m2\repository\com\fasterxml\jackson\datatype\jackson-datatype-jdk8\2.17.2\jackson-datatype-jdk8-2.17.2.jar;C:\Users\ivane\.m2\repository\com\fasterxml\jackson\datat
Launcher Type: SUN_STANDARD

[Global flags]
     intx CICompilerCount                          = 4                                         {product} {ergonomic}
     uint ConcGCThreads                            = 2                                         {product} {ergonomic}
     uint G1ConcRefinementThreads                  = 8                                         {product} {ergonomic}
   size_t G1HeapRegionSize                         = 1048576                                   {product} {ergonomic}
    uintx GCDrainStackTargetSize                   = 64                                        {product} {ergonomic}
   size_t InitialHeapSize                          = 130023424                                 {product} {ergonomic}
   size_t MarkStackSize                            = 4194304                                   {product} {ergonomic}
   size_t MaxHeapSize                              = 2055208960                                {product} {ergonomic}
   size_t MinHeapDeltaBytes                        = 1048576                                   {product} {ergonomic}
   size_t MinHeapSize                              = 8388608                                   {product} {ergonomic}
    uintx NonNMethodCodeHeapSize                   = 5839372                                {pd product} {ergonomic}
    uintx NonProfiledCodeHeapSize                  = 122909434                              {pd product} {ergonomic}
    uintx ProfiledCodeHeapSize                     = 122909434                              {pd product} {ergonomic}
    uintx ReservedCodeCacheSize                    = 251658240                              {pd product} {ergonomic}
     bool SegmentedCodeCache                       = true                                      {product} {ergonomic}
   size_t SoftMaxHeapSize                          = 2055208960                             {manageable} {ergonomic}
     bool UseCompressedClassPointers               = true                           {product lp64_product} {ergonomic}
     bool UseCompressedOops                        = true                           {product lp64_product} {ergonomic}
     bool UseG1GC                                  = true                                      {product} {ergonomic}
     bool UseLargePagesIndividualAllocation        = false                                  {pd product} {ergonomic}

Logging:
Log output configuration:
 #0: stdout all=warning uptime,level,tags
 #1: stderr all=off uptime,level,tags

Environment Variables:
JAVA_HOME=C:\Program Files\Java\jdk-17
PATH=%JAVA_HOME%\bin;C:\Program Files (x86)\VMware\VMware Workstation\bin\;C:\WINDOWS\system32;C:\WINDOWS;C:\WINDOWS\System32\Wbem;C:\WINDOWS\System32\WindowsPowerShell\v1.0\;C:\WINDOWS\System32\OpenSSH\;C:\Program Files (x86)\Microsoft SQL Server\130\Tools\Binn\;C:\Program Files\Microsoft SQL Server\130\Tools\Binn\;C:\Program Files (x86)\Microsoft SQL Server\130\DTS\Binn\;C:\Program Files\Microsoft SQL Server\130\DTS\Binn\;C:\Program Files\Microsoft SQL Server\Client SDK\ODBC\130\Tools\Binn\;C:\Program Files\Microsoft VS Code\bin;C:\Program Files\CMake\bin;C:\Program Files (x86)\Windows Kits\10\Windows Performance Toolkit\;C:\Program Files\Docker\Docker\resources\bin;C:\Program Files\Git\cmd;C:\Program Files\nodejs\;C:\Program Files\Java\jdk-17\bin;C:\composer;C:\Users\ivane\Downloads\php-8.5.1-Win32-vs17-x64\;d:\realpopup\sdk\;C:\Users\ivane\AppData\Local\Programs\Python\Python312\Scripts\;C:\Users\ivane\AppData\Local\Programs\Python\Python312\;C:\Users\ivane\AppData\Local\Programs\Python\Launcher\;C:\Users\ivane\AppData\Local\Microsoft\WindowsApps;C:\MinGW\bin;C:\Program Files\JetBrains\IntelliJ IDEA 2024.3\bin;;C:\apache-maven-3.9.11\bin;C:\Users\ivane\AppData\Roaming\npm;D:\sonar-scanner-8.0.1.6346-windows-x64\bin\sonar-scanner.bat;C:\Program Files\PostgreSQL\17\bin;C:\Users\ivane\Downloads\php-8.5.1-Win32-vs17-x64;C:\Users\ivane\AppData\Roaming\Composer\vendor\bin;C:\Users\ivane\AppData\Local\Programs\Antigravity\bin
USERNAME=ivane
OS=Windows_NT
PROCESSOR_IDENTIFIER=Intel64 Family 6 Model 140 Stepping 1, GenuineIntel
TMP=C:\Users\ivane\AppData\Local\Temp
TEMP=C:\Users\ivane\AppData\Local\Temp



Periodic native trim disabled


---------------  S Y S T E M  ---------------

OS:
 Windows 11 , 64 bit Build 26100 (10.0.26100.7705)
OS uptime: 0 days 11:03 hours
Hyper-V role detected

CPU: total 8 (initial active 8) (4 cores per cpu, 2 threads per core) family 6 model 140 stepping 1 microcode 0xb4, cx8, cmov, fxsr, ht, mmx, 3dnowpref, sse, sse2, sse3, ssse3, sse4.1, sse4.2, popcnt, lzcnt, tsc, tscinvbit, avx, avx2, aes, erms, clmul, bmi1, bmi2, adx, avx512f, avx512dq, avx512cd, avx512bw, avx512vl, sha, fma, vzeroupper, avx512_vpopcntdq, avx512_vpclmulqdq, avx512_vaes, avx512_vnni, clflush, clflushopt, clwb, avx512_vbmi2, avx512_vbmi, hv
Processor Information for the first 8 processors :
  Max Mhz: 2001, Current Mhz: 2000, Mhz Limit: 1980

Memory: 4k page, system-wide physical 7834M (414M free)
TotalPageFile size 20940M (AvailPageFile size 123M)
current process WorkingSet (physical memory assigned to process): 11M, peak: 11M
current process commit charge ("private bytes"): 60M, peak: 184M

vm_info: OpenJDK 64-Bit Server VM (17.0.17+10-LTS) for windows-amd64 JRE (17.0.17+10-LTS), built on Oct 13 2025 22:19:56 by "MicrosoftCorporation" with unknown MS VC++:1944

END.
